1600350943771	geckodriver	INFO	Listening on 127.0.0.1:63593
1600350946844	mozrunner::runner	INFO	Running command: "C:\\Program Files\\Mozilla Firefox\\firefox.exe" "--marionette" "-foreground" "-no-remote" "-profile" "C:\\Users\\admin\\AppData\\Local\\Temp\\rust_mozprofileVlQ8h1"
JavaScript error: resource://gre/modules/XULStore.jsm, line 66: Error: Can't find profile directory.
console.error: SearchCache: "_readCacheFile: Error reading cache file:" (new Error("", "(unknown module)"))
1600350950444	Marionette	INFO	Listening on port 63602
1600350950818	Marionette	WARN	TLS certificate errors will be ignored for this session
JavaScript warning: http://localhost/template/pc/rainbow/static/js/jquery-1.9.1.min.js, line 2: Using //@ to indicate sourceMappingURL pragmas is deprecated. Use //# instead
1600350970972	Marionette	INFO	Stopped listening on port 63602

###!!! [Child][RunMessage] Error: Channel closing: too late to send/recv, messages will be lost


###!!! [Child][MessageChannel::SendAndWait] Error: Channel error: cannot send/recv

1600351050831	geckodriver	INFO	Listening on 127.0.0.1:63676
1600351053860	mozrunner::runner	INFO	Running command: "C:\\Program Files\\Mozilla Firefox\\firefox.exe" "--marionette" "-foreground" "-no-remote" "-profile" "C:\\Users\\admin\\AppData\\Local\\Temp\\rust_mozprofileHNWATL"
JavaScript error: resource://gre/modules/XULStore.jsm, line 66: Error: Can't find profile directory.
console.error: SearchCache: "_readCacheFile: Error reading cache file:" (new Error("", "(unknown module)"))
1600351056934	Marionette	INFO	Listening on port 63684
1600351057098	Marionette	WARN	TLS certificate errors will be ignored for this session
JavaScript warning: http://localhost/template/pc/rainbow/static/js/jquery-1.9.1.min.js, line 2: Using //@ to indicate sourceMappingURL pragmas is deprecated. Use //# instead
1600351071995	Marionette	INFO	Stopped listening on port 63684

###!!! [Child][RunMessage] Error: Channel closing: too late to send/recv, messages will be lost


###!!! [Child][MessageChannel::SendAndWait] Error: Channel error: cannot send/recv

1600351145597	geckodriver	INFO	Listening on 127.0.0.1:63759
1600351148628	mozrunner::runner	INFO	Running command: "C:\\Program Files\\Mozilla Firefox\\firefox.exe" "--marionette" "-foreground" "-no-remote" "-profile" "C:\\Users\\admin\\AppData\\Local\\Temp\\rust_mozprofilecVd7rG"
JavaScript error: resource://gre/modules/XULStore.jsm, line 66: Error: Can't find profile directory.
console.error: SearchCache: "_readCacheFile: Error reading cache file:" (new Error("", "(unknown module)"))
1600351151543	Marionette	INFO	Listening on port 63767
1600351151843	Marionette	WARN	TLS certificate errors will be ignored for this session
JavaScript warning: http://localhost/template/pc/rainbow/static/js/jquery-1.9.1.min.js, line 2: Using //@ to indicate sourceMappingURL pragmas is deprecated. Use //# instead
1600351165873	Marionette	INFO	Stopped listening on port 63767

###!!! [Child][RunMessage] Error: Channel closing: too late to send/recv, messages will be lost


###!!! [Child][MessageChannel::SendAndWait] Error: Channel error: cannot send/recv

1600351324445	geckodriver	INFO	Listening on 127.0.0.1:63865
1600351327511	mozrunner::runner	INFO	Running command: "C:\\Program Files\\Mozilla Firefox\\firefox.exe" "--marionette" "-foreground" "-no-remote" "-profile" "C:\\Users\\admin\\AppData\\Local\\Temp\\rust_mozprofilemasRSK"
JavaScript error: resource://gre/modules/XULStore.jsm, line 66: Error: Can't find profile directory.
console.error: SearchCache: "_readCacheFile: Error reading cache file:" (new Error("", "(unknown module)"))
1600351330821	Marionette	INFO	Listening on port 63873
1600351330861	Marionette	WARN	TLS certificate errors will be ignored for this session
JavaScript warning: http://localhost/template/pc/rainbow/static/js/jquery-1.9.1.min.js, line 2: Using //@ to indicate sourceMappingURL pragmas is deprecated. Use //# instead
1600351381803	Marionette	INFO	Stopped listening on port 63873

###!!! [Child][RunMessage] Error: Channel closing: too late to send/recv, messages will be lost


###!!! [Child][MessageChannel::SendAndWait] Error: Channel error: cannot send/recv

1600351462600	geckodriver	INFO	Listening on 127.0.0.1:63945
1600351465659	mozrunner::runner	INFO	Running command: "C:\\Program Files\\Mozilla Firefox\\firefox.exe" "--marionette" "-foreground" "-no-remote" "-profile" "C:\\Users\\admin\\AppData\\Local\\Temp\\rust_mozprofile9CFETC"
JavaScript error: resource://gre/modules/XULStore.jsm, line 66: Error: Can't find profile directory.
console.error: SearchCache: "_readCacheFile: Error reading cache file:" (new Error("", "(unknown module)"))
1600351468675	Marionette	INFO	Listening on port 63953
1600351468878	Marionette	WARN	TLS certificate errors will be ignored for this session
JavaScript warning: http://localhost/template/pc/rainbow/static/js/jquery-1.9.1.min.js, line 2: Using //@ to indicate sourceMappingURL pragmas is deprecated. Use //# instead
1600351518787	Marionette	INFO	Stopped listening on port 63953

###!!! [Child][RunMessage] Error: Channel closing: too late to send/recv, messages will be lost


###!!! [Child][MessageChannel::SendAndWait] Error: Channel error: cannot send/recv

1600351643359	geckodriver	INFO	Listening on 127.0.0.1:64030
1600351646420	mozrunner::runner	INFO	Running command: "C:\\Program Files\\Mozilla Firefox\\firefox.exe" "--marionette" "-foreground" "-no-remote" "-profile" "C:\\Users\\admin\\AppData\\Local\\Temp\\rust_mozprofileGF3SLM"
JavaScript error: resource://gre/modules/XULStore.jsm, line 66: Error: Can't find profile directory.
console.error: SearchCache: "_readCacheFile: Error reading cache file:" (new Error("", "(unknown module)"))
1600351649566	Marionette	INFO	Listening on port 64038
1600351649649	Marionette	WARN	TLS certificate errors will be ignored for this session
JavaScript warning: http://localhost/template/pc/rainbow/static/js/jquery-1.9.1.min.js, line 2: Using //@ to indicate sourceMappingURL pragmas is deprecated. Use //# instead
1600351698115	Marionette	INFO	Stopped listening on port 64038

###!!! [Child][MessageChannel::SendAndWait] Error: Channel error: cannot send/recv

1600351736640	geckodriver	INFO	Listening on 127.0.0.1:64107
1600351739706	mozrunner::runner	INFO	Running command: "C:\\Program Files\\Mozilla Firefox\\firefox.exe" "--marionette" "-foreground" "-no-remote" "-profile" "C:\\Users\\admin\\AppData\\Local\\Temp\\rust_mozprofileO1I8Mo"
JavaScript error: resource://gre/modules/XULStore.jsm, line 66: Error: Can't find profile directory.
console.error: SearchCache: "_readCacheFile: Error reading cache file:" (new Error("", "(unknown module)"))
1600351742703	Marionette	INFO	Listening on port 64115
1600351742933	Marionette	WARN	TLS certificate errors will be ignored for this session
JavaScript warning: http://localhost/template/pc/rainbow/static/js/jquery-1.9.1.min.js, line 2: Using //@ to indicate sourceMappingURL pragmas is deprecated. Use //# instead
1600351761904	Marionette	INFO	Stopped listening on port 64115

###!!! [Child][RunMessage] Error: Channel closing: too late to send/recv, messages will be lost


###!!! [Child][MessageChannel::SendAndWait] Error: Channel error: cannot send/recv

